<?xml version="1.0" encoding="UTF-8"?><testsuite errors="0" failures="1" name="Ingresar valores en campos de texto." skipped="0" tests="2" time="41.39" timestamp="2019-03-27 10:13:05"><testcase name="Verificar que la palabra digitada sea igual a la que llega por parámetro"><failure message="La palabra por parámetro es diferente a la palabra escrita" type="java.lang.AssertionError">La palabra por parámetro es diferente a la palabra escrita</failure><system-err>La palabra por parámetro es diferente a la palabra escrita&#13;
co.com.qvision.steps.practica_automatizacion.CategoriaCajaTextoStep.verificarMensaje(CategoriaCajaTextoStep.java:18)&#13;
co.com.qvision.definitions.practica_automatizacion.CategoriaFormularioCajasTextoDefinition.verificarPalabras(CategoriaFormularioCajasTextoDefinition.java:23)&#13;
cucumber.runner.Runner.runPickle(Runner.java:80)&#13;
</system-err></testcase><testcase name="Verificar que al ingresar dos valores la suma sea correcta"/></testsuite>